<?xml version="1.0" encoding="UTF-8"?>
<robot generator="Robot 7.0 (Python 3.11.3 on win32)" generated="2025-02-12T14:26:21.262772" rpa="false" schemaversion="5">
<suite id="s1" name="Test Aut Kabum" source="C:\Teste_Aut_Kabum\test_aut_kabum.robot">
<test id="s1-t1" name="Deve acessar o site da kabum" line="22">
<kw name="Open Browser" owner="SeleniumLibrary">
<msg time="2025-02-12T14:26:21.501656" level="WARN">exexcutable_path is being deprecated. Please use service to configure the driver's executable_path as per documentation.</msg>
<msg time="2025-02-12T14:26:21.501656" level="INFO">Opening browser 'Chrome' to base url 'https://www.kabum.com.br'.</msg>
<arg>${URL}</arg>
<arg>${BROWSER}</arg>
<arg>executable_path=${CHROMEDRIVER_PATH}</arg>
<doc>Opens a new browser instance to the optional ``url``.</doc>
<status status="PASS" start="2025-02-12T14:26:21.501656" elapsed="7.272620"/>
</kw>
<kw name="Get Title" owner="SeleniumLibrary">
<msg time="2025-02-12T14:26:28.800666" level="INFO">${TITLE} = KaBuM! | Aperte o K e evolua com as maiores ofertas em Tech e Gamer!</msg>
<var>${TITLE}</var>
<doc>Returns the title of the current page.</doc>
<status status="PASS" start="2025-02-12T14:26:28.775288" elapsed="0.025378"/>
</kw>
<kw name="Should Contain" owner="BuiltIn">
<arg>${TITLE}</arg>
<arg>${PAGE_TITLE}</arg>
<doc>Fails if ``container`` does not contain ``item`` one or more times.</doc>
<status status="PASS" start="2025-02-12T14:26:28.800666" elapsed="0.000000"/>
</kw>
<kw name="Close Browser" owner="SeleniumLibrary">
<doc>Closes the current browser.</doc>
<status status="PASS" start="2025-02-12T14:26:28.800666" elapsed="2.251172"/>
</kw>
<status status="PASS" start="2025-02-12T14:26:21.501656" elapsed="9.550182"/>
</test>
<status status="PASS" start="2025-02-12T14:26:21.262772" elapsed="9.789066"/>
</suite>
<statistics>
<total>
<stat pass="1" fail="0" skip="0">All Tests</stat>
</total>
<tag>
</tag>
<suite>
<stat pass="1" fail="0" skip="0" id="s1" name="Test Aut Kabum">Test Aut Kabum</stat>
</suite>
</statistics>
<errors>
<msg time="2025-02-12T14:26:21.501656" level="WARN">exexcutable_path is being deprecated. Please use service to configure the driver's executable_path as per documentation.</msg>
</errors>
</robot>
